<?xml version="1.0" encoding="UTF-8"?>
<!-- Generated by org.testng.reporters.JUnitXMLReporter -->
<testsuite ignored="1" hostname="Kavitha" failures="0" tests="3" name="Test" time="0.256" errors="0" timestamp="2023-08-14T18:26:35 IST">
  <testcase classname="TestNG_Group.Sample2" name="demo3" time="0.036"/>
  <testcase classname="TestNG_Group.Sample2" name="demo4" time="0.004"/>
  <testcase classname="TestNG_Group.Sample1" name="demo1" time="0.004"/>
  <testcase classname="TestNG_Group.Sample1" name="demo2" time="0.0">
    <ignored/>
  </testcase> <!-- demo2 -->
</testsuite> <!-- Test -->
